2020-05-07T22:21:48+00:00 CRITICAL Uncaught Error: Call to a member function get_stock_quantity() on null in C:\xampp\htdocs\2020\04\ylw\ylw-cn\themes\ylw\inc\wc-functions.php:220
Stack trace:
#0 C:\xampp\htdocs\2020\04\ylw\ylw-cn\themes\ylw\front-page.php(158): wc_stock_manage()
#1 C:\xampp\htdocs\2020\04\ylw\wp-includes\template-loader.php(106): include('C:\\xampp\\htdocs...')
#2 C:\xampp\htdocs\2020\04\ylw\wp-blog-header.php(19): require_once('C:\\xampp\\htdocs...')
#3 C:\xampp\htdocs\2020\04\ylw\index.php(17): require('C:\\xampp\\htdocs...')
#4 {main}
  thrown in C:\xampp\htdocs\2020\04\ylw\ylw-cn\themes\ylw\inc\wc-functions.php on line 220

2020-05-07T22:22:04+00:00 CRITICAL Uncaught Error: Call to a member function get_stock_quantity() on null in C:\xampp\htdocs\2020\04\ylw\ylw-cn\themes\ylw\inc\wc-functions.php:220
Stack trace:
#0 C:\xampp\htdocs\2020\04\ylw\ylw-cn\themes\ylw\front-page.php(158): wc_stock_manage()
#1 C:\xampp\htdocs\2020\04\ylw\wp-includes\template-loader.php(106): include('C:\\xampp\\htdocs...')
#2 C:\xampp\htdocs\2020\04\ylw\wp-blog-header.php(19): require_once('C:\\xampp\\htdocs...')
#3 C:\xampp\htdocs\2020\04\ylw\index.php(17): require('C:\\xampp\\htdocs...')
#4 {main}
  thrown in C:\xampp\htdocs\2020\04\ylw\ylw-cn\themes\ylw\inc\wc-functions.php on line 220

2020-05-07T22:22:26+00:00 CRITICAL Uncaught Error: Call to a member function get_stock_quantity() on null in C:\xampp\htdocs\2020\04\ylw\ylw-cn\themes\ylw\inc\wc-functions.php:220
Stack trace:
#0 C:\xampp\htdocs\2020\04\ylw\ylw-cn\themes\ylw\front-page.php(158): wc_stock_manage()
#1 C:\xampp\htdocs\2020\04\ylw\wp-includes\template-loader.php(106): include('C:\\xampp\\htdocs...')
#2 C:\xampp\htdocs\2020\04\ylw\wp-blog-header.php(19): require_once('C:\\xampp\\htdocs...')
#3 C:\xampp\htdocs\2020\04\ylw\index.php(17): require('C:\\xampp\\htdocs...')
#4 {main}
  thrown in C:\xampp\htdocs\2020\04\ylw\ylw-cn\themes\ylw\inc\wc-functions.php on line 220

